sample/build/intermediates/manifest_merge_blame_file/debug/manifest-merger-blame-debug-report.txt
1<?xml version="1.0" encoding="utf-8"?>
2<manifest xmlns:android="http://schemas.android.com/apk/res/android"
3    package="com.handmark.pulltorefresh.samples"
4    android:versionCode="2110"
5    android:versionName="2.1.1" >
6
7    <uses-sdk
8        android:minSdkVersion="15"
8-->src\main\AndroidManifest.xml
9        android:targetSdkVersion="29" />
9-->src\main\AndroidManifest.xml
10
11    <!-- For WebView Sample -->
12    <uses-permission android:name="android.permission.INTERNET" />
12-->src\main\AndroidManifest.xml:65:5-67
12-->src\main\AndroidManifest.xml:65:22-64
13
14    <supports-screens android:anyDensity="true" />
14-->src\main\AndroidManifest.xml:67:5-51
14-->src\main\AndroidManifest.xml:67:23-48
15
16    <application
16-->src\main\AndroidManifest.xml:9:5-62:19
17        android:appComponentFactory="androidx.core.app.CoreComponentFactory"
17-->[androidx.core:core:1.1.0] AndroidManifest.xml:24:18-86
18        android:debuggable="true"
19        android:hardwareAccelerated="true"
19-->src\main\AndroidManifest.xml:10:9-43
20        android:icon="@drawable/icon"
20-->src\main\AndroidManifest.xml:11:9-38
21        android:label="@string/app_name"
21-->src\main\AndroidManifest.xml:12:9-41
22        android:testOnly="true" >
23        <activity
23-->src\main\AndroidManifest.xml:13:9-21:20
24            android:name="com.handmark.pulltorefresh.samples.LauncherActivity"
24-->src\main\AndroidManifest.xml:14:13-45
25            android:label="PullToRefresh Samples" >
25-->src\main\AndroidManifest.xml:15:13-50
26            <intent-filter>
26-->src\main\AndroidManifest.xml:16:13-20:29
27                <action android:name="android.intent.action.MAIN" />
27-->src\main\AndroidManifest.xml:17:17-69
27-->src\main\AndroidManifest.xml:17:25-66
28
29                <category android:name="android.intent.category.LAUNCHER" />
29-->src\main\AndroidManifest.xml:19:17-77
29-->src\main\AndroidManifest.xml:19:27-74
30            </intent-filter>
31        </activity>
32        <activity
32-->src\main\AndroidManifest.xml:22:9-25:20
33            android:name="com.handmark.pulltorefresh.samples.PullToRefreshListActivity"
33-->src\main\AndroidManifest.xml:23:13-54
34            android:label="PtR ListView" >
34-->src\main\AndroidManifest.xml:24:13-41
35        </activity>
36        <activity
36-->src\main\AndroidManifest.xml:26:9-29:20
37            android:name="com.handmark.pulltorefresh.samples.PullToRefreshListFragmentActivity"
37-->src\main\AndroidManifest.xml:27:13-62
38            android:label="PtR ListView Fragment" >
38-->src\main\AndroidManifest.xml:28:13-50
39        </activity>
40        <activity
40-->src\main\AndroidManifest.xml:30:9-33:20
41            android:name="com.handmark.pulltorefresh.samples.PullToRefreshListInViewPagerActivity"
41-->src\main\AndroidManifest.xml:31:13-65
42            android:label="PtR ListView in ViewPager" >
42-->src\main\AndroidManifest.xml:32:13-54
43        </activity>
44        <activity
44-->src\main\AndroidManifest.xml:34:9-37:20
45            android:name="com.handmark.pulltorefresh.samples.PullToRefreshGridActivity"
45-->src\main\AndroidManifest.xml:35:13-54
46            android:label="PtR GridView" >
46-->src\main\AndroidManifest.xml:36:13-41
47        </activity>
48        <activity
48-->src\main\AndroidManifest.xml:38:9-41:20
49            android:name="com.handmark.pulltorefresh.samples.PullToRefreshExpandableListActivity"
49-->src\main\AndroidManifest.xml:39:13-64
50            android:label="PtR ExpandableListView" >
50-->src\main\AndroidManifest.xml:40:13-51
51        </activity>
52        <activity
52-->src\main\AndroidManifest.xml:42:9-45:20
53            android:name="com.handmark.pulltorefresh.samples.PullToRefreshWebViewActivity"
53-->src\main\AndroidManifest.xml:43:13-57
54            android:label="PtR WebView" >
54-->src\main\AndroidManifest.xml:44:13-40
55        </activity>
56        <activity
56-->src\main\AndroidManifest.xml:46:9-49:20
57            android:name="com.handmark.pulltorefresh.samples.PullToRefreshScrollViewActivity"
57-->src\main\AndroidManifest.xml:47:13-60
58            android:label="PtR ScrollView" >
58-->src\main\AndroidManifest.xml:48:13-43
59        </activity>
60        <activity
60-->src\main\AndroidManifest.xml:50:9-53:20
61            android:name="com.handmark.pulltorefresh.samples.PullToRefreshHorizontalScrollViewActivity"
61-->src\main\AndroidManifest.xml:51:13-70
62            android:label="PtR HorizontalScrollView" >
62-->src\main\AndroidManifest.xml:52:13-53
63        </activity>
64        <activity
64-->src\main\AndroidManifest.xml:54:9-57:20
65            android:name="com.handmark.pulltorefresh.samples.PullToRefreshViewPagerActivity"
65-->src\main\AndroidManifest.xml:55:13-59
66            android:label="PtR ViewPager" >
66-->src\main\AndroidManifest.xml:56:13-42
67        </activity>
68        <activity
68-->src\main\AndroidManifest.xml:58:9-61:20
69            android:name="com.handmark.pulltorefresh.samples.PullToRefreshWebView2Activity"
69-->src\main\AndroidManifest.xml:59:13-58
70            android:label="PtR WebView Advanced" >
70-->src\main\AndroidManifest.xml:60:13-49
71        </activity>
72    </application>
73
74</manifest>